<?xml version="1.0" encoding="utf-8"?><testsuites><testsuite name="pytest" errors="0" failures="1" skipped="0" tests="1" time="19.625" timestamp="2023-01-19T21:00:34.871222" hostname="MacBook-Pro-Aleksandr-3.local"><testcase classname="tests.test_index_page" name="test_successful_login" time="19.083"><failure message="urllib3.exceptions.ProtocolError: ('Connection aborted.', RemoteDisconnected('Remote end closed connection without response'))">self = &lt;urllib3.connectionpool.HTTPConnectionPool object at 0x7f99b833e3a0&gt;, method = 'POST', url = '/session/331f938a459c373b30693434badd8262/element/5fe042bf-e4f3-470a-b06b-b625ad19b323/click'
body = '{"id": "5fe042bf-e4f3-470a-b06b-b625ad19b323"}'
headers = {'Accept': 'application/json', 'Connection': 'keep-alive', 'Content-Type': 'application/json;charset=UTF-8', 'User-Agent': 'selenium/4.7.2 (python mac)'}
retries = Retry(total=3, connect=None, read=None, redirect=None, status=None), redirect = False, assert_same_host = False, timeout = &lt;object object at 0x7f99c81c3850&gt;, pool_timeout = None
release_conn = True, chunked = False, body_pos = None
response_kw = {'request_url': 'http://localhost:56745/session/331f938a459c373b30693434badd8262/element/5fe042bf-e4f3-470a-b06b-b625ad19b323/click'}
parsed_url = Url(scheme=None, auth=None, host=None, port=None, path='/session/331f938a459c373b30693434badd8262/element/5fe042bf-e4f3-470a-b06b-b625ad19b323/click', query=None, fragment=None)
destination_scheme = None, conn = None, release_this_conn = True, http_tunnel_required = False, err = None, clean_exit = False

    def urlopen(
        self,
        method,
        url,
        body=None,
        headers=None,
        retries=None,
        redirect=True,
        assert_same_host=True,
        timeout=_Default,
        pool_timeout=None,
        release_conn=None,
        chunked=False,
        body_pos=None,
        **response_kw
    ):
        """
        Get a connection from the pool and perform an HTTP request. This is the
        lowest level call for making a request, so you'll need to specify all
        the raw details.
    
        .. note::
    
           More commonly, it's appropriate to use a convenience method provided
           by :class:`.RequestMethods`, such as :meth:`request`.
    
        .. note::
    
           `release_conn` will only behave as expected if
           `preload_content=False` because we want to make
           `preload_content=False` the default behaviour someday soon without
           breaking backwards compatibility.
    
        :param method:
            HTTP request method (such as GET, POST, PUT, etc.)
    
        :param url:
            The URL to perform the request on.
    
        :param body:
            Data to send in the request body, either :class:`str`, :class:`bytes`,
            an iterable of :class:`str`/:class:`bytes`, or a file-like object.
    
        :param headers:
            Dictionary of custom headers to send, such as User-Agent,
            If-None-Match, etc. If None, pool headers are used. If provided,
            these headers completely replace any pool-specific headers.
    
        :param retries:
            Configure the number of retries to allow before raising a
            :class:`~urllib3.exceptions.MaxRetryError` exception.
    
            Pass ``None`` to retry until you receive a response. Pass a
            :class:`~urllib3.util.retry.Retry` object for fine-grained control
            over different types of retries.
            Pass an integer number to retry connection errors that many times,
            but no other types of errors. Pass zero to never retry.
    
            If ``False``, then retries are disabled and any exception is raised
            immediately. Also, instead of raising a MaxRetryError on redirects,
            the redirect response will be returned.
    
        :type retries: :class:`~urllib3.util.retry.Retry`, False, or an int.
    
        :param redirect:
            If True, automatically handle redirects (status codes 301, 302,
            303, 307, 308). Each redirect counts as a retry. Disabling retries
            will disable redirect, too.
    
        :param assert_same_host:
            If ``True``, will make sure that the host of the pool requests is
            consistent else will raise HostChangedError. When ``False``, you can
            use the pool on an HTTP proxy and request foreign hosts.
    
        :param timeout:
            If specified, overrides the default timeout for this one
            request. It may be a float (in seconds) or an instance of
            :class:`urllib3.util.Timeout`.
    
        :param pool_timeout:
            If set and the pool is set to block=True, then this method will
            block for ``pool_timeout`` seconds and raise EmptyPoolError if no
            connection is available within the time period.
    
        :param release_conn:
            If False, then the urlopen call will not release the connection
            back into the pool once a response is received (but will release if
            you read the entire contents of the response such as when
            `preload_content=True`). This is useful if you're not preloading
            the response's content immediately. You will need to call
            ``r.release_conn()`` on the response ``r`` to return the connection
            back into the pool. If None, it takes the value of
            ``response_kw.get('preload_content', True)``.
    
        :param chunked:
            If True, urllib3 will send the body using chunked transfer
            encoding. Otherwise, urllib3 will send the body using the standard
            content-length form. Defaults to False.
    
        :param int body_pos:
            Position to seek to in file-like body in the event of a retry or
            redirect. Typically this won't need to be set because urllib3 will
            auto-populate the value when needed.
    
        :param \\**response_kw:
            Additional parameters are passed to
            :meth:`urllib3.response.HTTPResponse.from_httplib`
        """
    
        parsed_url = parse_url(url)
        destination_scheme = parsed_url.scheme
    
        if headers is None:
            headers = self.headers
    
        if not isinstance(retries, Retry):
            retries = Retry.from_int(retries, redirect=redirect, default=self.retries)
    
        if release_conn is None:
            release_conn = response_kw.get("preload_content", True)
    
        # Check host
        if assert_same_host and not self.is_same_host(url):
            raise HostChangedError(self, url, retries)
    
        # Ensure that the URL we're connecting to is properly encoded
        if url.startswith("/"):
            url = six.ensure_str(_encode_target(url))
        else:
            url = six.ensure_str(parsed_url.url)
    
        conn = None
    
        # Track whether `conn` needs to be released before
        # returning/raising/recursing. Update this variable if necessary, and
        # leave `release_conn` constant throughout the function. That way, if
        # the function recurses, the original value of `release_conn` will be
        # passed down into the recursive call, and its value will be respected.
        #
        # See issue #651 [1] for details.
        #
        # [1] &lt;https://github.com/urllib3/urllib3/issues/651&gt;
        release_this_conn = release_conn
    
        http_tunnel_required = connection_requires_http_tunnel(
            self.proxy, self.proxy_config, destination_scheme
        )
    
        # Merge the proxy headers. Only done when not using HTTP CONNECT. We
        # have to copy the headers dict so we can safely change it without those
        # changes being reflected in anyone else's copy.
        if not http_tunnel_required:
            headers = headers.copy()
            headers.update(self.proxy_headers)
    
        # Must keep the exception bound to a separate variable or else Python 3
        # complains about UnboundLocalError.
        err = None
    
        # Keep track of whether we cleanly exited the except block. This
        # ensures we do proper cleanup in finally.
        clean_exit = False
    
        # Rewind body position, if needed. Record current position
        # for future rewinds in the event of a redirect/retry.
        body_pos = set_file_position(body, body_pos)
    
        try:
            # Request a connection from the queue.
            timeout_obj = self._get_timeout(timeout)
            conn = self._get_conn(timeout=pool_timeout)
    
            conn.timeout = timeout_obj.connect_timeout
    
            is_new_proxy_conn = self.proxy is not None and not getattr(
                conn, "sock", None
            )
            if is_new_proxy_conn and http_tunnel_required:
                self._prepare_proxy(conn)
    
            # Make the request on the httplib connection object.
&gt;           httplib_response = self._make_request(
                conn,
                method,
                url,
                timeout=timeout_obj,
                body=body,
                headers=headers,
                chunked=chunked,
            )

venv/lib/python3.9/site-packages/urllib3/connectionpool.py:703: 
_ _ _ _ _ _ _ _ _ _ _ _ _ _ _ _ _ _ _ _ _ _ _ _ _ _ _ _ _ _ _ _ _ _ _ _ _ _ _ _ _ _ _ _ _ _ _ _ _ _ _ _ _ _ _ _ _ _ _ _ _ _ _ _ _ _ _ _ _ _ _ _ _ _ _ _ _ _ _ _ _ _ _ _ _ _ _ _ _ _ _ _ _ _ _ _ _ _ _

self = &lt;urllib3.connectionpool.HTTPConnectionPool object at 0x7f99b833e3a0&gt;, conn = &lt;urllib3.connection.HTTPConnection object at 0x7f99b833e940&gt;, method = 'POST'
url = '/session/331f938a459c373b30693434badd8262/element/5fe042bf-e4f3-470a-b06b-b625ad19b323/click', timeout = Timeout(connect=None, read=None, total=None), chunked = False
httplib_request_kw = {'body': '{"id": "5fe042bf-e4f3-470a-b06b-b625ad19b323"}', 'headers': {'Accept': 'application/json', 'Connection': 'keep-alive', 'Content-Type': 'application/json;charset=UTF-8', 'User-Agent': 'selenium/4.7.2 (python mac)'}}
timeout_obj = Timeout(connect=None, read=None, total=None), read_timeout = None

    def _make_request(
        self, conn, method, url, timeout=_Default, chunked=False, **httplib_request_kw
    ):
        """
        Perform a request on a given urllib connection object taken from our
        pool.
    
        :param conn:
            a connection from one of our connection pools
    
        :param timeout:
            Socket timeout in seconds for the request. This can be a
            float or integer, which will set the same timeout value for
            the socket connect and the socket read, or an instance of
            :class:`urllib3.util.Timeout`, which gives you more fine-grained
            control over your timeouts.
        """
        self.num_requests += 1
    
        timeout_obj = self._get_timeout(timeout)
        timeout_obj.start_connect()
        conn.timeout = timeout_obj.connect_timeout
    
        # Trigger any extra validation we need to do.
        try:
            self._validate_conn(conn)
        except (SocketTimeout, BaseSSLError) as e:
            # Py2 raises this as a BaseSSLError, Py3 raises it as socket timeout.
            self._raise_timeout(err=e, url=url, timeout_value=conn.timeout)
            raise
    
        # conn.request() calls http.client.*.request, not the method in
        # urllib3.request. It also calls makefile (recv) on the socket.
        try:
            if chunked:
                conn.request_chunked(method, url, **httplib_request_kw)
            else:
                conn.request(method, url, **httplib_request_kw)
    
        # We are swallowing BrokenPipeError (errno.EPIPE) since the server is
        # legitimately able to close the connection after sending a valid response.
        # With this behaviour, the received response is still readable.
        except BrokenPipeError:
            # Python 3
            pass
        except IOError as e:
            # Python 2 and macOS/Linux
            # EPIPE and ESHUTDOWN are BrokenPipeError on Python 2, and EPROTOTYPE is needed on macOS
            # https://erickt.github.io/blog/2014/11/19/adventures-in-debugging-a-potential-osx-kernel-bug/
            if e.errno not in {
                errno.EPIPE,
                errno.ESHUTDOWN,
                errno.EPROTOTYPE,
            }:
                raise
    
        # Reset the timeout for the recv() on the socket
        read_timeout = timeout_obj.read_timeout
    
        # App Engine doesn't have a sock attr
        if getattr(conn, "sock", None):
            # In Python 3 socket.py will catch EAGAIN and return None when you
            # try and read into the file pointer created by http.client, which
            # instead raises a BadStatusLine exception. Instead of catching
            # the exception and assuming all BadStatusLine exceptions are read
            # timeouts, check for a zero timeout before making the request.
            if read_timeout == 0:
                raise ReadTimeoutError(
                    self, url, "Read timed out. (read timeout=%s)" % read_timeout
                )
            if read_timeout is Timeout.DEFAULT_TIMEOUT:
                conn.sock.settimeout(socket.getdefaulttimeout())
            else:  # None or a value
                conn.sock.settimeout(read_timeout)
    
        # Receive the response from the server
        try:
            try:
                # Python 2.7, use buffering of HTTP responses
                httplib_response = conn.getresponse(buffering=True)
            except TypeError:
                # Python 3
                try:
                    httplib_response = conn.getresponse()
                except BaseException as e:
                    # Remove the TypeError from the exception chain in
                    # Python 3 (including for exceptions like SystemExit).
                    # Otherwise it looks like a bug in the code.
&gt;                   six.raise_from(e, None)

venv/lib/python3.9/site-packages/urllib3/connectionpool.py:449: 
_ _ _ _ _ _ _ _ _ _ _ _ _ _ _ _ _ _ _ _ _ _ _ _ _ _ _ _ _ _ _ _ _ _ _ _ _ _ _ _ _ _ _ _ _ _ _ _ _ _ _ _ _ _ _ _ _ _ _ _ _ _ _ _ _ _ _ _ _ _ _ _ _ _ _ _ _ _ _ _ _ _ _ _ _ _ _ _ _ _ _ _ _ _ _ _ _ _ _

value = None, from_value = None

&gt;   ???

&lt;string&gt;:3: 
_ _ _ _ _ _ _ _ _ _ _ _ _ _ _ _ _ _ _ _ _ _ _ _ _ _ _ _ _ _ _ _ _ _ _ _ _ _ _ _ _ _ _ _ _ _ _ _ _ _ _ _ _ _ _ _ _ _ _ _ _ _ _ _ _ _ _ _ _ _ _ _ _ _ _ _ _ _ _ _ _ _ _ _ _ _ _ _ _ _ _ _ _ _ _ _ _ _ _

self = &lt;urllib3.connectionpool.HTTPConnectionPool object at 0x7f99b833e3a0&gt;, conn = &lt;urllib3.connection.HTTPConnection object at 0x7f99b833e940&gt;, method = 'POST'
url = '/session/331f938a459c373b30693434badd8262/element/5fe042bf-e4f3-470a-b06b-b625ad19b323/click', timeout = Timeout(connect=None, read=None, total=None), chunked = False
httplib_request_kw = {'body': '{"id": "5fe042bf-e4f3-470a-b06b-b625ad19b323"}', 'headers': {'Accept': 'application/json', 'Connection': 'keep-alive', 'Content-Type': 'application/json;charset=UTF-8', 'User-Agent': 'selenium/4.7.2 (python mac)'}}
timeout_obj = Timeout(connect=None, read=None, total=None), read_timeout = None

    def _make_request(
        self, conn, method, url, timeout=_Default, chunked=False, **httplib_request_kw
    ):
        """
        Perform a request on a given urllib connection object taken from our
        pool.
    
        :param conn:
            a connection from one of our connection pools
    
        :param timeout:
            Socket timeout in seconds for the request. This can be a
            float or integer, which will set the same timeout value for
            the socket connect and the socket read, or an instance of
            :class:`urllib3.util.Timeout`, which gives you more fine-grained
            control over your timeouts.
        """
        self.num_requests += 1
    
        timeout_obj = self._get_timeout(timeout)
        timeout_obj.start_connect()
        conn.timeout = timeout_obj.connect_timeout
    
        # Trigger any extra validation we need to do.
        try:
            self._validate_conn(conn)
        except (SocketTimeout, BaseSSLError) as e:
            # Py2 raises this as a BaseSSLError, Py3 raises it as socket timeout.
            self._raise_timeout(err=e, url=url, timeout_value=conn.timeout)
            raise
    
        # conn.request() calls http.client.*.request, not the method in
        # urllib3.request. It also calls makefile (recv) on the socket.
        try:
            if chunked:
                conn.request_chunked(method, url, **httplib_request_kw)
            else:
                conn.request(method, url, **httplib_request_kw)
    
        # We are swallowing BrokenPipeError (errno.EPIPE) since the server is
        # legitimately able to close the connection after sending a valid response.
        # With this behaviour, the received response is still readable.
        except BrokenPipeError:
            # Python 3
            pass
        except IOError as e:
            # Python 2 and macOS/Linux
            # EPIPE and ESHUTDOWN are BrokenPipeError on Python 2, and EPROTOTYPE is needed on macOS
            # https://erickt.github.io/blog/2014/11/19/adventures-in-debugging-a-potential-osx-kernel-bug/
            if e.errno not in {
                errno.EPIPE,
                errno.ESHUTDOWN,
                errno.EPROTOTYPE,
            }:
                raise
    
        # Reset the timeout for the recv() on the socket
        read_timeout = timeout_obj.read_timeout
    
        # App Engine doesn't have a sock attr
        if getattr(conn, "sock", None):
            # In Python 3 socket.py will catch EAGAIN and return None when you
            # try and read into the file pointer created by http.client, which
            # instead raises a BadStatusLine exception. Instead of catching
            # the exception and assuming all BadStatusLine exceptions are read
            # timeouts, check for a zero timeout before making the request.
            if read_timeout == 0:
                raise ReadTimeoutError(
                    self, url, "Read timed out. (read timeout=%s)" % read_timeout
                )
            if read_timeout is Timeout.DEFAULT_TIMEOUT:
                conn.sock.settimeout(socket.getdefaulttimeout())
            else:  # None or a value
                conn.sock.settimeout(read_timeout)
    
        # Receive the response from the server
        try:
            try:
                # Python 2.7, use buffering of HTTP responses
                httplib_response = conn.getresponse(buffering=True)
            except TypeError:
                # Python 3
                try:
&gt;                   httplib_response = conn.getresponse()

venv/lib/python3.9/site-packages/urllib3/connectionpool.py:444: 
_ _ _ _ _ _ _ _ _ _ _ _ _ _ _ _ _ _ _ _ _ _ _ _ _ _ _ _ _ _ _ _ _ _ _ _ _ _ _ _ _ _ _ _ _ _ _ _ _ _ _ _ _ _ _ _ _ _ _ _ _ _ _ _ _ _ _ _ _ _ _ _ _ _ _ _ _ _ _ _ _ _ _ _ _ _ _ _ _ _ _ _ _ _ _ _ _ _ _

self = &lt;urllib3.connection.HTTPConnection object at 0x7f99b833e940&gt;

    def getresponse(self):
        """Get the response from the server.
    
        If the HTTPConnection is in the correct state, returns an
        instance of HTTPResponse or of whatever object is returned by
        the response_class variable.
    
        If a request has not been sent or if a previous response has
        not be handled, ResponseNotReady is raised.  If the HTTP
        response indicates that the connection should be closed, then
        it will be closed before the response is returned.  When the
        connection is closed, the underlying socket is closed.
        """
    
        # if a prior response has been completed, then forget about it.
        if self.__response and self.__response.isclosed():
            self.__response = None
    
        # if a prior response exists, then it must be completed (otherwise, we
        # cannot read this response's header to determine the connection-close
        # behavior)
        #
        # note: if a prior response existed, but was connection-close, then the
        # socket and response were made independent of this HTTPConnection
        # object since a new request requires that we open a whole new
        # connection
        #
        # this means the prior response had one of two states:
        #   1) will_close: this connection was reset and the prior socket and
        #                  response operate independently
        #   2) persistent: the response was retained and we await its
        #                  isclosed() status to become true.
        #
        if self.__state != _CS_REQ_SENT or self.__response:
            raise ResponseNotReady(self.__state)
    
        if self.debuglevel &gt; 0:
            response = self.response_class(self.sock, self.debuglevel,
                                           method=self._method)
        else:
            response = self.response_class(self.sock, method=self._method)
    
        try:
            try:
&gt;               response.begin()

/Library/Frameworks/Python.framework/Versions/3.9/lib/python3.9/http/client.py:1371: 
_ _ _ _ _ _ _ _ _ _ _ _ _ _ _ _ _ _ _ _ _ _ _ _ _ _ _ _ _ _ _ _ _ _ _ _ _ _ _ _ _ _ _ _ _ _ _ _ _ _ _ _ _ _ _ _ _ _ _ _ _ _ _ _ _ _ _ _ _ _ _ _ _ _ _ _ _ _ _ _ _ _ _ _ _ _ _ _ _ _ _ _ _ _ _ _ _ _ _

self = &lt;http.client.HTTPResponse object at 0x7f99b833eaf0&gt;

    def begin(self):
        if self.headers is not None:
            # we've already started reading the response
            return
    
        # read until we get a non-100 response
        while True:
&gt;           version, status, reason = self._read_status()

/Library/Frameworks/Python.framework/Versions/3.9/lib/python3.9/http/client.py:319: 
_ _ _ _ _ _ _ _ _ _ _ _ _ _ _ _ _ _ _ _ _ _ _ _ _ _ _ _ _ _ _ _ _ _ _ _ _ _ _ _ _ _ _ _ _ _ _ _ _ _ _ _ _ _ _ _ _ _ _ _ _ _ _ _ _ _ _ _ _ _ _ _ _ _ _ _ _ _ _ _ _ _ _ _ _ _ _ _ _ _ _ _ _ _ _ _ _ _ _

self = &lt;http.client.HTTPResponse object at 0x7f99b833eaf0&gt;

    def _read_status(self):
        line = str(self.fp.readline(_MAXLINE + 1), "iso-8859-1")
        if len(line) &gt; _MAXLINE:
            raise LineTooLong("status line")
        if self.debuglevel &gt; 0:
            print("reply:", repr(line))
        if not line:
            # Presumably, the server closed the connection before
            # sending a valid response.
&gt;           raise RemoteDisconnected("Remote end closed connection without"
                                     " response")
E           http.client.RemoteDisconnected: Remote end closed connection without response

/Library/Frameworks/Python.framework/Versions/3.9/lib/python3.9/http/client.py:288: RemoteDisconnected

During handling of the above exception, another exception occurred:

index_page = &lt;pages.index_page.IndexPage object at 0x7f99b833e9d0&gt;

    @allure.description('Test succ login using correct creds')
    @allure.label('owner', 'alex')
    @allure.title('Successful login')
    @allure.suite('authorization')
    @allure.severity(allure.severity_level.BLOCKER)
    @pytest.mark.ui
    def test_successful_login(index_page):
        with allure.step('fill login field'):
            index_page.fill_login_field()
        with allure.step('fill password field'):
            index_page.fill_password_field()
        with allure.step('click login button'):
&gt;           index_page.click_login_button()

tests/test_index_page.py:16: 
_ _ _ _ _ _ _ _ _ _ _ _ _ _ _ _ _ _ _ _ _ _ _ _ _ _ _ _ _ _ _ _ _ _ _ _ _ _ _ _ _ _ _ _ _ _ _ _ _ _ _ _ _ _ _ _ _ _ _ _ _ _ _ _ _ _ _ _ _ _ _ _ _ _ _ _ _ _ _ _ _ _ _ _ _ _ _ _ _ _ _ _ _ _ _ _ _ _ _
pages/index_page.py:39: in click_login_button
    self.to_click(Locators.LOGIN_BUTTON)
base_object/base.py:27: in to_click
    self.is_visible(locator).click()
venv/lib/python3.9/site-packages/selenium/webdriver/remote/webelement.py:93: in click
    self._execute(Command.CLICK_ELEMENT)
venv/lib/python3.9/site-packages/selenium/webdriver/remote/webelement.py:410: in _execute
    return self._parent.execute(command, params)
venv/lib/python3.9/site-packages/selenium/webdriver/remote/webdriver.py:442: in execute
    response = self.command_executor.execute(driver_command, params)
venv/lib/python3.9/site-packages/selenium/webdriver/remote/remote_connection.py:294: in execute
    return self._request(command_info[0], url, body=data)
venv/lib/python3.9/site-packages/selenium/webdriver/remote/remote_connection.py:316: in _request
    response = self._conn.request(method, url, body=body, headers=headers)
venv/lib/python3.9/site-packages/urllib3/request.py:78: in request
    return self.request_encode_body(
venv/lib/python3.9/site-packages/urllib3/request.py:170: in request_encode_body
    return self.urlopen(method, url, **extra_kw)
venv/lib/python3.9/site-packages/urllib3/poolmanager.py:376: in urlopen
    response = conn.urlopen(method, u.request_uri, **kw)
venv/lib/python3.9/site-packages/urllib3/connectionpool.py:787: in urlopen
    retries = retries.increment(
venv/lib/python3.9/site-packages/urllib3/util/retry.py:550: in increment
    raise six.reraise(type(error), error, _stacktrace)
venv/lib/python3.9/site-packages/urllib3/packages/six.py:769: in reraise
    raise value.with_traceback(tb)
venv/lib/python3.9/site-packages/urllib3/connectionpool.py:703: in urlopen
    httplib_response = self._make_request(
venv/lib/python3.9/site-packages/urllib3/connectionpool.py:449: in _make_request
    six.raise_from(e, None)
&lt;string&gt;:3: in raise_from
    ???
venv/lib/python3.9/site-packages/urllib3/connectionpool.py:444: in _make_request
    httplib_response = conn.getresponse()
/Library/Frameworks/Python.framework/Versions/3.9/lib/python3.9/http/client.py:1371: in getresponse
    response.begin()
/Library/Frameworks/Python.framework/Versions/3.9/lib/python3.9/http/client.py:319: in begin
    version, status, reason = self._read_status()
_ _ _ _ _ _ _ _ _ _ _ _ _ _ _ _ _ _ _ _ _ _ _ _ _ _ _ _ _ _ _ _ _ _ _ _ _ _ _ _ _ _ _ _ _ _ _ _ _ _ _ _ _ _ _ _ _ _ _ _ _ _ _ _ _ _ _ _ _ _ _ _ _ _ _ _ _ _ _ _ _ _ _ _ _ _ _ _ _ _ _ _ _ _ _ _ _ _ _

self = &lt;http.client.HTTPResponse object at 0x7f99b833eaf0&gt;

    def _read_status(self):
        line = str(self.fp.readline(_MAXLINE + 1), "iso-8859-1")
        if len(line) &gt; _MAXLINE:
            raise LineTooLong("status line")
        if self.debuglevel &gt; 0:
            print("reply:", repr(line))
        if not line:
            # Presumably, the server closed the connection before
            # sending a valid response.
&gt;           raise RemoteDisconnected("Remote end closed connection without"
                                     " response")
E           urllib3.exceptions.ProtocolError: ('Connection aborted.', RemoteDisconnected('Remote end closed connection without response'))

/Library/Frameworks/Python.framework/Versions/3.9/lib/python3.9/http/client.py:288: ProtocolError</failure></testcase></testsuite></testsuites>